[TRACER] Started tracing PID 5610 (/bin/true)
[TRACER] Student: SokolovEA
==========================================
   1. brk(0x0, 0x7b58f6247e2c, 0x57, 0x7b58f6247e2c, 0x7b58f624fe78, 0x1a) = 109898332176384
   2. arch_prctl(0x3001, 0x7ffcbd8f79e0, 0x7b58f623e2d0, 0xd, 0x3, 0xee) = -22
   3. access(0x7b58f624a9e0, 0x4, 0x7b58f6222270, 0x8, 0x0, 0x0) = -2
   4. openat(dirfd=4294967196, pathname=0x7b58f6247b80, flags=0x80000) = 3
   5. fstat(0x3, 0x7ffcbd8f6be0, 0x7ffcbd8f6be0, 0x0, 0x1, 0x7b58f6247b80) = 0
   6. mmap(addr=0x0, length=34811, prot=0x1, flags=0x2, fd=3, offset=0) = 0x7b58f6219000
   7. close(fd=3) = 0
   8. openat(dirfd=4294967196, pathname=0x7b58f6251e10, flags=0x80000) = 3
   9. read(fd=3, buf=0x7ffcbd8f6d88, count=832) = 832
  10. pread64(0x3, 0x7ffcbd8f69a0, 0x310, 0x40, 0x7ffcbd8f69a0, 0x7b58f6251e10) = 784
  11. pread64(0x3, 0x7ffcbd8f6970, 0x20, 0x350, 0x7ffcbd8f69a0, 0x0) = 32
  12. pread64(0x3, 0x7ffcbd8f6920, 0x44, 0x370, 0x7ffcbd8f69a0, 0x0) = 68
  13. fstat(0x3, 0x7ffcbd8f6c30, 0x7ffcbd8f6c30, 0x370, 0x1, 0x7b58f6251190) = 0
  14. mmap(addr=0x0, length=8192, prot=0x3, flags=0x22, fd=4294967295, offset=0) = 0x7b58f6217000
  15. pread64(0x3, 0x7ffcbd8f6880, 0x310, 0x40, 0xffff, 0x7b58f6217480) = 784
  16. pread64(0x3, 0x7ffcbd8f6560, 0x20, 0x350, 0x3, 0x350) = 32
  17. pread64(0x3, 0x7ffcbd8f6540, 0x44, 0x370, 0x3, 0x370) = 68
  18. mmap(addr=0x0, length=2037344, prot=0x1, flags=0x802, fd=3, offset=0) = 0x7b58f6025000
  19. mmap(addr=0x7b58f6047000, length=1540096, prot=0x5, flags=0x812, fd=3, offset=139264) = 0x7b58f6047000
  20. mmap(addr=0x7b58f61bf000, length=319488, prot=0x1, flags=0x812, fd=3, offset=1679360) = 0x7b58f61bf000
  21. mmap(addr=0x7b58f620d000, length=24576, prot=0x3, flags=0x812, fd=3, offset=1994752) = 0x7b58f620d000
  22. mmap(addr=0x7b58f6213000, length=13920, prot=0x3, flags=0x32, fd=4294967295, offset=0) = 0x7b58f6213000
  23. close(fd=3) = 0
  24. arch_prctl(0x1002, 0x7b58f6218580, 0xffff84a709de7140, 0x40, 0x90, 0x1) = 0
  25. mprotect(0x7b58f620d000, 0x4000, 0x1, 0x7b58f624f600, 0x7b58f61b0d00, 0x7b58f6222670) = 0
  26. mprotect(0x63f3b2628000, 0x1000, 0x1, 0x63f3b2628e18, 0x0, 0x7b58f6031230) = 0
  27. mprotect(0x7b58f624f000, 0x1000, 0x1, 0x7b58f624ff68, 0x0, 0x7b58f602a2d0) = 0
  28. munmap(0x7b58f6219000, 0x87fb, 0x55f00000000, 0x7b58f624ff68, 0x0, 0x7b58f602a2d0) = 0
[TRACER] Process exited with code 0

[TRACER] Total syscalls traced: 28
