[1760961360.215] pid=150568 tid=150568 [SPY] open("/proc/sys/crypto/fips_enabled", 0x0) = -1 errno=2 (No such file or directory)
[1760961360.216] pid=150568 tid=150568 [SPY] open("/home/anna/.curlrc", 0x0) = -1 errno=2 (No such file or directory)
[1760961360.216] pid=150568 tid=150568 [SPY] open("/home/anna/.config/curlrc", 0x0) = -1 errno=2 (No such file or directory)
[1760961360.216] pid=150568 tid=150568 [SPY] open("/home/anna/.curlrc", 0x0) = -1 errno=2 (No such file or directory)
[1760961360.216] pid=150568 tid=150568 [SPY] close(fd=5) = 0
[1760961360.217] pid=150568 tid=150569 [SPY] write(fd=6, count=1) = 1
[1760961360.217] pid=150568 tid=150568 [SPY] close(fd=6) = 0
[1760961360.217] pid=150568 tid=150568 [SPY] close(fd=5) = 0
* Host example.com:443 was resolved.
* IPv6: 2600:1408:ec00:36::1736:7f24, 2600:1408:ec00:36::1736:7f31, 2600:1406:bc00:53::b81e:94c8, 2600:1406:5e00:6::17ce:bc1b, 2600:1406:5e00:6::17ce:bc12, 2600:1406:bc00:53::b81e:94ce
* IPv4: 23.220.75.232, 23.192.228.80, 23.220.75.245, 23.215.0.138, 23.215.0.136, 23.192.228.84
*   Trying 23.220.75.232:443...
*   Trying [2600:1408:ec00:36::1736:7f24]:443...
* Immediate connect fail for 2600:1408:ec00:36::1736:7f24: Network is unreachable
[1760961360.417] pid=150568 tid=150568 [SPY] close(fd=6) = 0
*   Trying [2600:1408:ec00:36::1736:7f31]:443...
* Immediate connect fail for 2600:1408:ec00:36::1736:7f31: Network is unreachable
[1760961360.417] pid=150568 tid=150568 [SPY] close(fd=6) = 0
*   Trying [2600:1406:bc00:53::b81e:94c8]:443...
* Immediate connect fail for 2600:1406:bc00:53::b81e:94c8: Network is unreachable
[1760961360.417] pid=150568 tid=150568 [SPY] close(fd=6) = 0
*   Trying [2600:1406:5e00:6::17ce:bc1b]:443...
* Immediate connect fail for 2600:1406:5e00:6::17ce:bc1b: Network is unreachable
[1760961360.418] pid=150568 tid=150568 [SPY] close(fd=6) = 0
*   Trying [2600:1406:5e00:6::17ce:bc12]:443...
* Immediate connect fail for 2600:1406:5e00:6::17ce:bc12: Network is unreachable
[1760961360.418] pid=150568 tid=150568 [SPY] close(fd=6) = 0
*   Trying [2600:1406:bc00:53::b81e:94ce]:443...
* Immediate connect fail for 2600:1406:bc00:53::b81e:94ce: Network is unreachable
[1760961360.418] pid=150568 tid=150568 [SPY] close(fd=6) = 0
* Connected to example.com (23.220.75.232) port 443
* ALPN: curl offers h2,http/1.1
* TLSv1.3 (OUT), TLS handshake, Client hello (1):
*  CAfile: /etc/ssl/certs/ca-certificates.crt
*  CApath: /etc/ssl/certs
* TLSv1.3 (IN), TLS handshake, Server hello (2):
* TLSv1.3 (IN), TLS handshake, Encrypted Extensions (8):
* TLSv1.3 (IN), TLS handshake, Certificate (11):
* TLSv1.3 (IN), TLS handshake, CERT verify (15):
* TLSv1.3 (IN), TLS handshake, Finished (20):
* TLSv1.3 (OUT), TLS change cipher, Change cipher spec (1):
* TLSv1.3 (OUT), TLS handshake, Finished (20):
* SSL connection using TLSv1.3 / TLS_AES_256_GCM_SHA384 / X25519 / id-ecPublicKey
* ALPN: server accepted h2
* Server certificate:
*  subject: C=US; ST=California; L=Los Angeles; O=Internet Corporation for Assigned Names and Numbers; CN=*.example.com
*  start date: Jan 15 00:00:00 2025 GMT
*  expire date: Jan 15 23:59:59 2026 GMT
*  subjectAltName: host "example.com" matched cert's "example.com"
*  issuer: C=US; O=DigiCert Inc; CN=DigiCert Global G3 TLS ECC SHA384 2020 CA1
*  SSL certificate verify ok.
*   Certificate level 0: Public key type EC/prime256v1 (256/128 Bits/secBits), signed using ecdsa-with-SHA384
*   Certificate level 1: Public key type EC/secp384r1 (384/192 Bits/secBits), signed using ecdsa-with-SHA384
*   Certificate level 2: Public key type EC/secp384r1 (384/192 Bits/secBits), signed using ecdsa-with-SHA384
* using HTTP/2
* [HTTP/2] [1] OPENED stream for https://example.com/
* [HTTP/2] [1] [:method: HEAD]
* [HTTP/2] [1] [:scheme: https]
* [HTTP/2] [1] [:authority: example.com]
* [HTTP/2] [1] [:path: /]
* [HTTP/2] [1] [user-agent: curl/8.5.0]
* [HTTP/2] [1] [accept: */*]
> HEAD / HTTP/2
> Host: example.com
> User-Agent: curl/8.5.0
> Accept: */*
> 
* TLSv1.3 (IN), TLS handshake, Newsession Ticket (4):
* TLSv1.3 (IN), TLS handshake, Newsession Ticket (4):
* old SSL session ID is stale, removing
< HTTP/2 200 
< content-type: text/html
< etag: "bc2473a18e003bdb249eba5ce893033f:1760028122.592274"
< last-modified: Thu, 09 Oct 2025 16:42:02 GMT
< cache-control: max-age=86000
< date: Mon, 20 Oct 2025 11:56:00 GMT
< alt-svc: h3=":443"; ma=93600
< 
* Connection #0 to host example.com left intact
[1760961361.100] pid=150568 tid=150568 [SPY] close(fd=3) = 0
[1760961361.100] pid=150568 tid=150568 [SPY] close(fd=4) = 0
[1760961361.101] pid=150568 tid=150568 [SPY] close(fd=5) = 0
