=== Сбор статистики по вызовам ===
LS:
  1.51    0.000044          14         3           lseek
  1.48    0.000043          21         2           getdents64
  1.37    0.000040          20         2         2 ioctl
  0.93    0.000027          27         1           write
  0.86    0.000025          12         2           munmap
  0.76    0.000022           2         9           mprotect
  0.55    0.000016          16         1           futex
  0.00    0.000000           0         3           brk
  0.00    0.000000           0         2           rt_sigaction
  0.00    0.000000           0         1           rt_sigprocmask
  0.00    0.000000           0         8           pread64
  0.00    0.000000           0         2         2 access
  0.00    0.000000           0         1           execve
  0.00    0.000000           0         2         1 statfs
  0.00    0.000000           0         2         1 arch_prctl
  0.00    0.000000           0         1           set_tid_address
  0.00    0.000000           0         1           set_robust_list
  0.00    0.000000           0         1           prlimit64
------ ----------- ----------- --------- --------- ----------------
100.00    0.002911                   263        43 total

CAT:
test content for cat
% time     seconds  usecs/call     calls    errors syscall
------ ----------- ----------- --------- --------- ----------------
 26.04    0.000231          12        19           openat
 22.66    0.000201           9        22           mmap
 18.71    0.000166           7        21           close
 17.70    0.000157           7        20           fstat
  6.99    0.000062          12         5           read
  3.49    0.000031          31         1           write
  3.04    0.000027          13         2           munmap
  1.35    0.000012          12         1           fadvise64
  0.00    0.000000           0         3           mprotect
  0.00    0.000000           0         3           brk
  0.00    0.000000           0         6           pread64
  0.00    0.000000           0         1         1 access
  0.00    0.000000           0         1           execve
  0.00    0.000000           0         2         1 arch_prctl
------ ----------- ----------- --------- --------- ----------------
100.00    0.000887                   107         2 total

GREP:
 13.47    0.000299          12        24           close
 13.38    0.000297          12        24           fstat
  6.08    0.000135          16         8           pread64
  5.50    0.000122          20         6           mprotect
  3.87    0.000086          10         8           read
  2.52    0.000056          14         4           brk
  1.67    0.000037          12         3           rt_sigaction
  1.17    0.000026          26         1           write
  1.17    0.000026          26         1           munmap
  0.68    0.000015          15         1           futex
  0.63    0.000014          14         1           sigaltstack
  0.59    0.000013           6         2         1 arch_prctl
  0.59    0.000013          13         1           prlimit64
  0.54    0.000012          12         1           rt_sigprocmask
  0.54    0.000012          12         1           set_tid_address
  0.54    0.000012          12         1           set_robust_list
  0.00    0.000000           0         1         1 access
  0.00    0.000000           0         1           execve
------ ----------- ----------- --------- --------- ----------------
100.00    0.002220                   152         8 total
