[SPY] openat(AT_FDCWD, "/etc/hosts", 0x80000(O_RDONLY|), mode=0) = 3 (errno=0)
[SPY] fstat(fd=3, buf=0x7ffec0a20000, count=0) = 0 (errno=0)
[SPY] openat(AT_FDCWD, "/tmp/hosts.copy", 0x241(O_WRONLY|O_CREAT|O_TRUNC|), mode=0644) = 4 (errno=0)
[SPY] read(fd=3, buf=0x7ffec0a30000, count=32768) = 128 (errno=0)
[SPY] write(fd=4, buf=0x7ffec0a30000, count=128) = 128 (errno=0)
[SPY] read(fd=3, buf=0x7ffec0a31000, count=32768) = 0 (errno=0)
[SPY] fsync(fd=4) = 0 (errno=0)
[SPY] close(fd=3) = 0 (errno=0)
[SPY] close(fd=4) = 0 (errno=0)
[SPY] openat(AT_FDCWD, "/etc/ld.so.cache", 0x80000(O_RDONLY|), mode=0) = 3 (errno=0)
[SPY] close(fd=3) = 0 (errno=0)
[SPY] openat(AT_FDCWD, "/lib/x86_64-linux-gnu/libc.so.6", 0x80000(O_RDONLY|), mode=0) = 3 (errno=0)
[SPY] read(fd=3, buf=0x7ffec0b00000, count=8192) = 8192 (errno=0)
[SPY] close(fd=3) = 0 (errno=0)
[SPY] write(fd=1, buf=0x7ffec0c00000, count=34) = 34 (errno=0)
[SPY] openat(AT_FDCWD, "/proc/self/mounts", 0x80000(O_RDONLY|), mode=0) = 3 (errno=0)
[SPY] read(fd=3, buf=0x7ffec0d00000, count=32768) = 640 (errno=0)
[SPY] close(fd=3) = 0 (errno=0)
[SPY] openat(AT_FDCWD, "/etc/hosts", 0x80000(O_RDONLY|), mode=0) = 3 (errno=0)
[SPY] read(fd=3, buf=0x7ffec0e00000, count=32768) = 128 (errno=0)
[SPY] write(fd=4, buf=0x7ffec0e00000, count=128) = 128 (errno=0)
[SPY] close(fd=3) = 0 (errno=0)
[SPY] close(fd=4) = 0 (errno=0)
[SPY] exit_group(status=0) = 0 (errno=0)
