[SPY] openat(AT_FDCWD, "/etc/ld.so.cache", 0x80000(O_RDONLY|), mode=0) = 3 (errno=0)
[SPY] close(fd=3) = 0 (errno=0)
[SPY] openat(AT_FDCWD, "/lib/x86_64-linux-gnu/libz.so.1", 0x80000(O_RDONLY|), mode=0) = 3 (errno=0)
[SPY] read(fd=3, buf=0x7ffd1f200000, count=4096) = 4096 (errno=0)
[SPY] close(fd=3) = 0 (errno=0)
[SPY] openat(AT_FDCWD, "/etc", 0x90800(O_RDONLY|O_DIRECTORY|), mode=0) = 3 (errno=0)
[SPY] getdents(fd=3, buf=0x7ffd1f300000, count=32768) = 8192 (errno=0)
[SPY] openat(3, "passwd", 0x80000(O_RDONLY|), mode=0) = 4 (errno=0)
[SPY] fstat(fd=4, buf=0x7ffd1f400000, count=0) = 0 (errno=0)
[SPY] read(fd=4, buf=0x7ffd1f410000, count=4096) = 512 (errno=0)
[SPY] close(fd=4) = 0 (errno=0)
[SPY] openat(3, "ssl", 0x90800(O_RDONLY|O_DIRECTORY|), mode=0) = 4 (errno=0)
[SPY] getdents(fd=4, buf=0x7ffd1f500000, count=32768) = 4096 (errno=0)
[SPY] openat(4, "certs", 0x90800(O_RDONLY|O_DIRECTORY|), mode=0) = 5 (errno=0)
[SPY] getdents(fd=5, buf=0x7ffd1f600000, count=32768) = 2048 (errno=0)
[SPY] openat(5, "ca-certificates.crt", 0x80000(O_RDONLY|), mode=0) = 6 (errno=0)
[SPY] read(fd=6, buf=0x7ffd1f700000, count=32768) = 4096 (errno=0)
[SPY] close(fd=6) = 0 (errno=0)
[SPY] openat(AT_FDCWD, "archive.tgz", 0x241(O_WRONLY|O_CREAT|O_TRUNC|), mode=0644) = 3 (errno=0)
[SPY] write(fd=3, buf=0x7ffd1f800000, count=512) = 512 (errno=0)
[SPY] write(fd=3, buf=0x7ffd1f810000, count=32768) = 32768 (errno=0)
[SPY] fsync(fd=3) = 0 (errno=0)
[SPY] openat(3, "passwd", 0x80000(O_RDONLY|), mode=0) = 4 (errno=0)
[SPY] read(fd=4, buf=0x7ffd1f900000, count=4096) = 512 (errno=0)
[SPY] close(fd=4) = 0 (errno=0)
[SPY] openat(3, "group", 0x80000(O_RDONLY|), mode=0) = 4 (errno=0)
[SPY] read(fd=4, buf=0x7ffd1fa00000, count=4096) = 128 (errno=0)
[SPY] close(fd=4) = 0 (errno=0)
[SPY] openat(AT_FDCWD, "/usr/lib/locale/locale-archive", 0x80000(O_RDONLY|), mode=0) = 3 (errno=0)
[SPY] read(fd=3, buf=0x7ffd1fb00000, count=32768) = 16384 (errno=0)
[SPY] close(fd=3) = 0 (errno=0)
[SPY] write(fd=1, buf=0x7ffd1fc00000, count=64) = 64 (errno=0)
[SPY] openat(AT_FDCWD, "/proc/self/uid_map", 0x80000(O_RDONLY|), mode=0) = 3 (errno=0)
[SPY] read(fd=3, buf=0x7ffd1fd00000, count=1024) = 128 (errno=0)
[SPY] close(fd=3) = 0 (errno=0)
[SPY] close(fd=3) = 0 (errno=0)
[SPY] write(fd=1, buf=0x7ffd1fe00000, count=128) = 128 (errno=0)
[SPY] close(fd=3) = 0 (errno=0)
[SPY] fsync(fd=3) = 0 (errno=0)
[SPY] close(fd=3) = 0 (errno=0)
[SPY] exit_group(status=0) = 0 (errno=0)
