[SPY] openat(AT_FDCWD, "/etc/ld.so.cache", 0x80000(O_RDONLY|), mode=0) = 3 (errno=0)
[SPY] fstat(fd=3, buf=0x7ffdc0a2e000, count=0) = 0 (errno=0)
[SPY] mmap(fd=3, buf=0x7f9c1d3a0000, count=32768) = 140735728651008 (errno=0)
[SPY] close(fd=3) = 0 (errno=0)
[SPY] openat(AT_FDCWD, "/lib/x86_64-linux-gnu/libc.so.6", 0x80000(O_RDONLY|), mode=0) = 3 (errno=0)
[SPY] read(fd=3, buf=0x7ffdc0a2f000, count=4096) = 4096 (errno=0)
[SPY] read(fd=3, buf=0x7ffdc0a2ffff, count=4096) = 2048 (errno=0)
[SPY] close(fd=3) = 0 (errno=0)
[SPY] openat(AT_FDCWD, "/etc/passwd", 0x80000(O_RDONLY|), mode=0) = 3 (errno=0)
[SPY] read(fd=3, buf=0x7ffdc0b30000, count=32768) = 512 (errno=0)
[SPY] close(fd=3) = 0 (errno=0)
[SPY] openat(AT_FDCWD, "/etc/hosts", 0x80000(O_RDONLY|), mode=0) = 3 (errno=0)
[SPY] read(fd=3, buf=0x7ffdc0b35000, count=1024) = 256 (errno=0)
[SPY] close(fd=3) = 0 (errno=0)
[SPY] openat(AT_FDCWD, "/etc/alternatives", 0x90800(O_RDONLY|O_DIRECTORY|), mode=0) = 3 (errno=0)
[SPY] getdents(fd=3, buf=0x7ffdc0c00000, count=32768) = 512 (errno=0)
[SPY] openat(3, "java", 0x80000(O_RDONLY|), mode=0) = 4 (errno=0)
[SPY] fstat(fd=4, buf=0x7ffdc0d00000, count=0) = 0 (errno=0)
[SPY] close(fd=4) = 0 (errno=0)
[SPY] openat(AT_FDCWD, "/etc/ssl/certs/ca-certificates.crt", 0x80000(O_RDONLY|), mode=0) = 3 (errno=0)
[SPY] read(fd=3, buf=0x7ffdc0e00000, count=32768) = 4096 (errno=0)
[SPY] read(fd=3, buf=0x7ffdc0e01000, count=32768) = 4096 (errno=0)
[SPY] close(fd=3) = 0 (errno=0)
[SPY] openat(AT_FDCWD, ".", 0x90800(O_RDONLY|O_DIRECTORY|), mode=0) = 3 (errno=0)
[SPY] getdents(fd=3, buf=0x7ffdc0f00000, count=32768) = 2048 (errno=0)
[SPY] openat(3, "hosts", 0x80000(O_RDONLY|), mode=0) = 4 (errno=0)
[SPY] read(fd=4, buf=0x7ffdc1000000, count=1024) = 256 (errno=0)
[SPY] close(fd=4) = 0 (errno=0)
[SPY] openat(3, "passwd", 0x80000(O_RDONLY|), mode=0) = 4 (errno=0)
[SPY] read(fd=4, buf=0x7ffdc1100000, count=1024) = 512 (errno=0)
[SPY] close(fd=4) = 0 (errno=0)
[SPY] openat(AT_FDCWD, "/proc/filesystems", 0x80000(O_RDONLY|), mode=0) = 3 (errno=0)
[SPY] read(fd=3, buf=0x7ffdc1200000, count=1024) = 256 (errno=0)
[SPY] close(fd=3) = 0 (errno=0)
[SPY] openat(AT_FDCWD, "/etc/mtab", 0x80000(O_RDONLY|), mode=0) = -1 (errno=2)
[SPY] openat(AT_FDCWD, "/etc/resolv.conf", 0x80000(O_RDONLY|), mode=0) = 3 (errno=0)
[SPY] read(fd=3, buf=0x7ffdc1300000, count=1024) = 128 (errno=0)
[SPY] close(fd=3) = 0 (errno=0)
[SPY] write(fd=1, buf=0x7ffdc1400000, count=80) = 80 (errno=0)
[SPY] close(fd=3) = 0 (errno=0)
[SPY] close(fd=3) = 0 (errno=0)
[SPY] openat(AT_FDCWD, "/etc/ssh/sshd_config", 0x80000(O_RDONLY|), mode=0) = 3 (errno=0)
[SPY] read(fd=3, buf=0x7ffdc1500000, count=4096) = 256 (errno=0)
[SPY] close(fd=3) = 0 (errno=0)
[SPY] write(fd=1, buf=0x7ffdc1600000, count=42) = 42 (errno=0)
[SPY] close(fd=3) = 0 (errno=0)
[SPY] exit_group(status=0) = 0 (errno=0)
